0 info it worked if it ends with ok
1 verbose cli [ 'node', '/usr/local/bin/npm', 'install' ]
2 info using npm@1.4.28
3 info using node@v0.10.32
4 verbose readDependencies using package.json deps
5 verbose install where, deps [ '/Users/DAT/Repositories/CS3882',
5 verbose install   [ 'express',
5 verbose install     'express-seesion',
5 verbose install     'body-parser',
5 verbose install     'cookie-parser',
5 verbose install     'morgan',
5 verbose install     'serve-favicon',
5 verbose install     'debug',
5 verbose install     'mysql',
5 verbose install     'ejs' ] ]
6 info preinstall bars-finder@0.0.0
7 verbose readDependencies using package.json deps
8 verbose already installed skipping express@~4.9.0 /Users/DAT/Repositories/CS3882
9 verbose cache add [ 'express-seesion@~1.10.4', null ]
10 verbose cache add name=undefined spec="express-seesion@~1.10.4" args=["express-seesion@~1.10.4",null]
11 verbose parsed url { protocol: null,
11 verbose parsed url   slashes: null,
11 verbose parsed url   auth: null,
11 verbose parsed url   host: null,
11 verbose parsed url   port: null,
11 verbose parsed url   hostname: null,
11 verbose parsed url   hash: null,
11 verbose parsed url   search: null,
11 verbose parsed url   query: null,
11 verbose parsed url   pathname: 'express-seesion@~1.10.4',
11 verbose parsed url   path: 'express-seesion@~1.10.4',
11 verbose parsed url   href: 'express-seesion@~1.10.4' }
12 verbose already installed skipping body-parser@~1.8.1 /Users/DAT/Repositories/CS3882
13 verbose already installed skipping cookie-parser@~1.3.3 /Users/DAT/Repositories/CS3882
14 verbose already installed skipping morgan@~1.3.0 /Users/DAT/Repositories/CS3882
15 verbose cache add name="express-seesion" spec="~1.10.4" args=["express-seesion","~1.10.4"]
16 verbose parsed url { protocol: null,
16 verbose parsed url   slashes: null,
16 verbose parsed url   auth: null,
16 verbose parsed url   host: null,
16 verbose parsed url   port: null,
16 verbose parsed url   hostname: null,
16 verbose parsed url   hash: null,
16 verbose parsed url   search: null,
16 verbose parsed url   query: null,
16 verbose parsed url   pathname: '~1.10.4',
16 verbose parsed url   path: '~1.10.4',
16 verbose parsed url   href: '~1.10.4' }
17 verbose addNamed [ 'express-seesion', '~1.10.4' ]
18 verbose addNamed [ null, '>=1.10.4-0 <1.11.0-0' ]
19 verbose already installed skipping serve-favicon@~2.1.3 /Users/DAT/Repositories/CS3882
20 silly lockFile cc79c443-express-seesion-1-10-4 express-seesion@~1.10.4
21 verbose lock express-seesion@~1.10.4 /Users/DAT/.npm/cc79c443-express-seesion-1-10-4.lock
22 verbose already installed skipping debug@~2.0.0 /Users/DAT/Repositories/CS3882
23 silly addNameRange { name: 'express-seesion',
23 silly addNameRange   range: '>=1.10.4-0 <1.11.0-0',
23 silly addNameRange   hasData: false }
24 verbose cache add [ 'mysql@~2.5.5', null ]
25 verbose cache add name=undefined spec="mysql@~2.5.5" args=["mysql@~2.5.5",null]
26 verbose parsed url { protocol: null,
26 verbose parsed url   slashes: null,
26 verbose parsed url   auth: null,
26 verbose parsed url   host: null,
26 verbose parsed url   port: null,
26 verbose parsed url   hostname: null,
26 verbose parsed url   hash: null,
26 verbose parsed url   search: null,
26 verbose parsed url   query: null,
26 verbose parsed url   pathname: 'mysql@~2.5.5',
26 verbose parsed url   path: 'mysql@~2.5.5',
26 verbose parsed url   href: 'mysql@~2.5.5' }
27 verbose request where is /express-seesion
28 verbose request registry https://registry.npmjs.org/
29 verbose request id 24d325c1cf8eddf8
30 verbose url raw /express-seesion
31 verbose url resolving [ 'https://registry.npmjs.org/', './express-seesion' ]
32 verbose url resolved https://registry.npmjs.org/express-seesion
33 verbose request where is https://registry.npmjs.org/express-seesion
34 info trying registry request attempt 1 at 18:37:49
35 http GET https://registry.npmjs.org/express-seesion
36 verbose cache add [ 'ejs@~2.3.1', null ]
37 verbose cache add name=undefined spec="ejs@~2.3.1" args=["ejs@~2.3.1",null]
38 verbose parsed url { protocol: null,
38 verbose parsed url   slashes: null,
38 verbose parsed url   auth: null,
38 verbose parsed url   host: null,
38 verbose parsed url   port: null,
38 verbose parsed url   hostname: null,
38 verbose parsed url   hash: null,
38 verbose parsed url   search: null,
38 verbose parsed url   query: null,
38 verbose parsed url   pathname: 'ejs@~2.3.1',
38 verbose parsed url   path: 'ejs@~2.3.1',
38 verbose parsed url   href: 'ejs@~2.3.1' }
39 verbose cache add name="mysql" spec="~2.5.5" args=["mysql","~2.5.5"]
40 verbose parsed url { protocol: null,
40 verbose parsed url   slashes: null,
40 verbose parsed url   auth: null,
40 verbose parsed url   host: null,
40 verbose parsed url   port: null,
40 verbose parsed url   hostname: null,
40 verbose parsed url   hash: null,
40 verbose parsed url   search: null,
40 verbose parsed url   query: null,
40 verbose parsed url   pathname: '~2.5.5',
40 verbose parsed url   path: '~2.5.5',
40 verbose parsed url   href: '~2.5.5' }
41 verbose addNamed [ 'mysql', '~2.5.5' ]
42 verbose addNamed [ null, '>=2.5.5-0 <2.6.0-0' ]
43 silly lockFile 1aba79e5-mysql-2-5-5 mysql@~2.5.5
44 verbose lock mysql@~2.5.5 /Users/DAT/.npm/1aba79e5-mysql-2-5-5.lock
45 verbose cache add name="ejs" spec="~2.3.1" args=["ejs","~2.3.1"]
46 verbose parsed url { protocol: null,
46 verbose parsed url   slashes: null,
46 verbose parsed url   auth: null,
46 verbose parsed url   host: null,
46 verbose parsed url   port: null,
46 verbose parsed url   hostname: null,
46 verbose parsed url   hash: null,
46 verbose parsed url   search: null,
46 verbose parsed url   query: null,
46 verbose parsed url   pathname: '~2.3.1',
46 verbose parsed url   path: '~2.3.1',
46 verbose parsed url   href: '~2.3.1' }
47 verbose addNamed [ 'ejs', '~2.3.1' ]
48 verbose addNamed [ null, '>=2.3.1-0 <2.4.0-0' ]
49 silly lockFile 35acc1b3-ejs-2-3-1 ejs@~2.3.1
50 verbose lock ejs@~2.3.1 /Users/DAT/.npm/35acc1b3-ejs-2-3-1.lock
51 silly addNameRange { name: 'mysql', range: '>=2.5.5-0 <2.6.0-0', hasData: false }
52 silly addNameRange { name: 'ejs', range: '>=2.3.1-0 <2.4.0-0', hasData: false }
53 verbose registry.get https://registry.npmjs.org/mysql not expired, no request
54 silly addNameRange number 2 { name: 'mysql', range: '>=2.5.5-0 <2.6.0-0', hasData: true }
55 silly addNameRange versions [ 'mysql',
55 silly addNameRange   [ '0.1.0',
55 silly addNameRange     '0.2.0',
55 silly addNameRange     '0.3.0',
55 silly addNameRange     '0.4.0',
55 silly addNameRange     '0.5.0',
55 silly addNameRange     '0.6.0',
55 silly addNameRange     '0.7.0',
55 silly addNameRange     '0.8.0',
55 silly addNameRange     '0.9.0',
55 silly addNameRange     '0.9.1',
55 silly addNameRange     '0.9.2',
55 silly addNameRange     '0.9.3',
55 silly addNameRange     '0.9.4',
55 silly addNameRange     '0.9.5',
55 silly addNameRange     '0.9.6',
55 silly addNameRange     '2.0.0-alpha',
55 silly addNameRange     '2.0.0-alpha2',
55 silly addNameRange     '2.0.0-alpha3',
55 silly addNameRange     '2.0.0-alpha4',
55 silly addNameRange     '2.0.0-alpha5',
55 silly addNameRange     '2.0.0-alpha6',
55 silly addNameRange     '2.0.0-alpha7',
55 silly addNameRange     '2.0.0-alpha8',
55 silly addNameRange     '2.0.0-alpha9',
55 silly addNameRange     '2.0.0-rc1',
55 silly addNameRange     '2.0.0-rc2',
55 silly addNameRange     '2.0.0',
55 silly addNameRange     '2.0.1',
55 silly addNameRange     '2.1.0',
55 silly addNameRange     '2.1.1',
55 silly addNameRange     '2.2.0',
55 silly addNameRange     '2.3.0',
55 silly addNameRange     '2.3.1',
55 silly addNameRange     '2.3.2',
55 silly addNameRange     '2.4.0',
55 silly addNameRange     '2.4.1',
55 silly addNameRange     '2.4.2',
55 silly addNameRange     '2.4.3',
55 silly addNameRange     '2.5.0',
55 silly addNameRange     '2.5.1',
55 silly addNameRange     '2.5.2',
55 silly addNameRange     '2.5.3',
55 silly addNameRange     '2.5.4',
55 silly addNameRange     '2.5.5',
55 silly addNameRange     '2.6.0',
55 silly addNameRange     '2.6.1' ] ]
56 verbose addNamed [ 'mysql', '2.5.5' ]
57 verbose addNamed [ '2.5.5', '2.5.5' ]
58 silly lockFile 11f73953-mysql-2-5-5 mysql@2.5.5
59 verbose lock mysql@2.5.5 /Users/DAT/.npm/11f73953-mysql-2-5-5.lock
60 verbose registry.get https://registry.npmjs.org/ejs not expired, no request
61 silly addNameRange number 2 { name: 'ejs', range: '>=2.3.1-0 <2.4.0-0', hasData: true }
62 silly addNameRange versions [ 'ejs',
62 silly addNameRange   [ '0.0.1',
62 silly addNameRange     '0.0.2',
62 silly addNameRange     '0.0.3',
62 silly addNameRange     '0.0.4',
62 silly addNameRange     '0.1.0',
62 silly addNameRange     '0.2.0',
62 silly addNameRange     '0.2.1',
62 silly addNameRange     '0.3.0',
62 silly addNameRange     '0.3.1',
62 silly addNameRange     '0.4.0',
62 silly addNameRange     '0.4.1',
62 silly addNameRange     '0.4.2',
62 silly addNameRange     '0.4.3',
62 silly addNameRange     '0.5.0',
62 silly addNameRange     '0.6.0',
62 silly addNameRange     '0.6.1',
62 silly addNameRange     '0.7.0',
62 silly addNameRange     '0.7.1',
62 silly addNameRange     '0.7.2',
62 silly addNameRange     '0.8.0',
62 silly addNameRange     '0.8.1',
62 silly addNameRange     '0.8.2',
62 silly addNameRange     '0.8.3',
62 silly addNameRange     '0.8.4',
62 silly addNameRange     '0.8.5',
62 silly addNameRange     '0.8.6',
62 silly addNameRange     '0.8.8',
62 silly addNameRange     '1.0.0',
62 silly addNameRange     '2.0.2',
62 silly addNameRange     '2.0.3',
62 silly addNameRange     '2.0.4',
62 silly addNameRange     '2.0.5',
62 silly addNameRange     '2.0.6',
62 silly addNameRange     '2.0.7',
62 silly addNameRange     '2.0.8',
62 silly addNameRange     '2.1.1',
62 silly addNameRange     '2.1.2',
62 silly addNameRange     '2.1.3',
62 silly addNameRange     '2.1.4',
62 silly addNameRange     '2.2.1',
62 silly addNameRange     '2.2.2',
62 silly addNameRange     '2.2.3',
62 silly addNameRange     '2.2.4',
62 silly addNameRange     '2.3.1' ] ]
63 verbose addNamed [ 'ejs', '2.3.1' ]
64 verbose addNamed [ '2.3.1', '2.3.1' ]
65 silly lockFile 823d5f08-ejs-2-3-1 ejs@2.3.1
66 verbose lock ejs@2.3.1 /Users/DAT/.npm/823d5f08-ejs-2-3-1.lock
67 silly lockFile f5dbddfd-stry-npmjs-org-ejs-ejs-2-3-1-tgz https://registry.npmjs.org/ejs/-/ejs-2.3.1.tgz
68 verbose lock https://registry.npmjs.org/ejs/-/ejs-2.3.1.tgz /Users/DAT/.npm/f5dbddfd-stry-npmjs-org-ejs-ejs-2-3-1-tgz.lock
69 verbose addRemoteTarball [ 'https://registry.npmjs.org/ejs/-/ejs-2.3.1.tgz',
69 verbose addRemoteTarball   'a697d98ac401e32a99c3deed92c60c19b6199a7f' ]
70 silly lockFile 11f73953-mysql-2-5-5 mysql@2.5.5
71 silly lockFile 11f73953-mysql-2-5-5 mysql@2.5.5
72 silly lockFile 1aba79e5-mysql-2-5-5 mysql@~2.5.5
73 silly lockFile 1aba79e5-mysql-2-5-5 mysql@~2.5.5
74 info retry fetch attempt 1 at 18:37:50
75 verbose fetch to= /tmp/npm-5959-P7P22BFE/registry.npmjs.org/ejs/-/ejs-2.3.1.tgz
76 http GET https://registry.npmjs.org/ejs/-/ejs-2.3.1.tgz
77 http 200 https://registry.npmjs.org/ejs/-/ejs-2.3.1.tgz
78 silly lockFile f5dbddfd-stry-npmjs-org-ejs-ejs-2-3-1-tgz https://registry.npmjs.org/ejs/-/ejs-2.3.1.tgz
79 silly lockFile f5dbddfd-stry-npmjs-org-ejs-ejs-2-3-1-tgz https://registry.npmjs.org/ejs/-/ejs-2.3.1.tgz
80 silly lockFile 823d5f08-ejs-2-3-1 ejs@2.3.1
81 silly lockFile 823d5f08-ejs-2-3-1 ejs@2.3.1
82 silly lockFile 35acc1b3-ejs-2-3-1 ejs@~2.3.1
83 silly lockFile 35acc1b3-ejs-2-3-1 ejs@~2.3.1
84 http 404 https://registry.npmjs.org/express-seesion
85 verbose headers { date: 'Tue, 31 Mar 2015 10:37:50 GMT',
85 verbose headers   server: 'CouchDB/1.5.0 (Erlang OTP/R16B03)',
85 verbose headers   'content-type': 'application/json',
85 verbose headers   'cache-control': 'max-age=0',
85 verbose headers   'content-length': '51',
85 verbose headers   'accept-ranges': 'bytes',
85 verbose headers   via: '1.1 varnish',
85 verbose headers   'x-served-by': 'cache-sn88-SIN',
85 verbose headers   'x-cache': 'MISS',
85 verbose headers   'x-cache-hits': '0',
85 verbose headers   'x-timer': 'S1427798270.078162,VS0,VE205',
85 verbose headers   'keep-alive': 'timeout=10, max=50',
85 verbose headers   connection: 'Keep-Alive' }
86 silly registry.get cb [ 404,
86 silly registry.get   { date: 'Tue, 31 Mar 2015 10:37:50 GMT',
86 silly registry.get     server: 'CouchDB/1.5.0 (Erlang OTP/R16B03)',
86 silly registry.get     'content-type': 'application/json',
86 silly registry.get     'cache-control': 'max-age=0',
86 silly registry.get     'content-length': '51',
86 silly registry.get     'accept-ranges': 'bytes',
86 silly registry.get     via: '1.1 varnish',
86 silly registry.get     'x-served-by': 'cache-sn88-SIN',
86 silly registry.get     'x-cache': 'MISS',
86 silly registry.get     'x-cache-hits': '0',
86 silly registry.get     'x-timer': 'S1427798270.078162,VS0,VE205',
86 silly registry.get     'keep-alive': 'timeout=10, max=50',
86 silly registry.get     connection: 'Keep-Alive' } ]
87 silly lockFile cc79c443-express-seesion-1-10-4 express-seesion@~1.10.4
88 silly lockFile cc79c443-express-seesion-1-10-4 express-seesion@~1.10.4
89 error 404 404 Not Found: express-seesion
89 error 404
89 error 404 'express-seesion' is not in the npm registry.
89 error 404 You should bug the author to publish it
89 error 404 It was specified as a dependency of 'bars-finder'
89 error 404
89 error 404 Note that you can also install from a
89 error 404 tarball, folder, or http url, or git url.
90 error System Darwin 14.1.0
91 error command "node" "/usr/local/bin/npm" "install"
92 error cwd /Users/DAT/Repositories/CS3882
93 error node -v v0.10.32
94 error npm -v 1.4.28
95 error code E404
96 verbose exit [ 1, true ]
